{"type": "BEGIN", "tx_id": "d2590d01", "timestamp": 1774843532.7846174}
{"type": "OP", "tx_id": "d2590d01", "op": "UPDATE", "db": "sports_db", "table": "equipment", "key": 4, "before": {"EquipmentID": 4, "EquipmentName": "Cricket Bat", "TotalQuantity": 10, "EquipmentCondition": "Good", "SportID": 4}, "after": {"EquipmentID": 4, "EquipmentName": "Cricket Bat", "TotalQuantity": 12, "EquipmentCondition": "Good", "SportID": 4}, "timestamp": 1774843532.7863796}
{"type": "OP", "tx_id": "d2590d01", "op": "UPDATE", "db": "sports_db", "table": "member", "key": 11, "before": {"MemberID": 11, "Name": "Harsh Pandey", "Image": "img/harsh.jpg", "Age": 22, "Email": "harsh.pandey@iitgn.ac.in", "ContactNumber": "9876543211", "Gender": "M", "Role": "Player", "JoinDate": "2024-09-15"}, "after": {"MemberID": 11, "Name": "Harsh Pandey", "Image": "img/harsh.jpg", "Age": 22, "Email": "harsh.pandey@iitgn.ac.in", "ContactNumber": "9876543211", "Gender": "M", "Role": "Coach", "JoinDate": "2024-09-15"}, "timestamp": 1774843532.7873409}
{"type": "OP", "tx_id": "d2590d01", "op": "INSERT", "db": "sports_db", "table": "team", "key": 16, "before": null, "after": {"TeamID": 16, "TeamName": "Cricket XI Beta", "CoachID": 11, "CaptainID": 11, "SportID": 4, "FormedDate": "2024-11-01"}, "timestamp": 1774843532.7881875}
{"type": "COMMIT", "tx_id": "d2590d01", "timestamp": 1774843532.788989}
{"type": "BEGIN", "tx_id": "86e51453", "timestamp": 1774843532.8159924}
{"type": "OP", "tx_id": "86e51453", "op": "UPDATE", "db": "sports_db", "table": "equipment", "key": 6, "before": {"EquipmentID": 6, "EquipmentName": "Basketball", "TotalQuantity": 12, "EquipmentCondition": "Good", "SportID": 5}, "after": {"EquipmentID": 6, "EquipmentName": "Basketball", "TotalQuantity": 7, "EquipmentCondition": "Good", "SportID": 5}, "timestamp": 1774843532.8172975}
{"type": "OP", "tx_id": "86e51453", "op": "UPDATE", "db": "sports_db", "table": "member", "key": 1, "before": {"MemberID": 1, "Name": "Aarav Sharma", "Image": "img/aarav.jpg", "Age": 19, "Email": "aarav.sharma@iitgn.ac.in", "ContactNumber": "9876543201", "Gender": "M", "Role": "Player", "JoinDate": "2024-08-01"}, "after": {"MemberID": 1, "Name": "Aarav Sharma", "Image": "img/aarav.jpg", "Age": 19, "Email": "aarav.sharma@iitgn.ac.in", "ContactNumber": "9876543201", "Gender": "M", "Role": "Coach", "JoinDate": "2024-08-01"}, "timestamp": 1774843532.818653}
{"type": "ABORT", "tx_id": "86e51453", "timestamp": 1774843532.8196344}
{"type": "BEGIN", "tx_id": "0f3b2621", "timestamp": 1774843532.8418436}
{"type": "OP", "tx_id": "0f3b2621", "op": "UPDATE", "db": "sports_db", "table": "equipment", "key": 9, "before": {"EquipmentID": 9, "EquipmentName": "Volleyball", "TotalQuantity": 10, "EquipmentCondition": "Good", "SportID": 7}, "after": {"EquipmentID": 9, "EquipmentName": "Volleyball", "TotalQuantity": -40, "EquipmentCondition": "Good", "SportID": 7}, "timestamp": 1774843532.8436503}
{"type": "ABORT", "tx_id": "0f3b2621", "timestamp": 1774843532.844487}
{"type": "BEGIN", "tx_id": "4f98c7d8", "timestamp": 1774843532.872008}
{"type": "OP", "tx_id": "4f98c7d8", "op": "UPDATE", "db": "sports_db", "table": "equipment", "key": 2, "before": {"EquipmentID": 2, "EquipmentName": "Badminton Racket", "TotalQuantity": 15, "EquipmentCondition": "Good", "SportID": 3}, "after": {"EquipmentID": 2, "EquipmentName": "Badminton Racket", "TotalQuantity": 10, "EquipmentCondition": "Good", "SportID": 3}, "timestamp": 1774843532.8751886}
{"type": "BEGIN", "tx_id": "1341ff2f", "timestamp": 1774843532.9225671}
{"type": "COMMIT", "tx_id": "4f98c7d8", "timestamp": 1774843533.0769918}
{"type": "OP", "tx_id": "1341ff2f", "op": "UPDATE", "db": "sports_db", "table": "equipment", "key": 2, "before": {"EquipmentID": 2, "EquipmentName": "Badminton Racket", "TotalQuantity": 10, "EquipmentCondition": "Good", "SportID": 3}, "after": {"EquipmentID": 2, "EquipmentName": "Badminton Racket", "TotalQuantity": 7, "EquipmentCondition": "Good", "SportID": 3}, "timestamp": 1774843533.126383}
{"type": "COMMIT", "tx_id": "1341ff2f", "timestamp": 1774843533.1283536}
{"type": "BEGIN", "tx_id": "dbd98adf", "timestamp": 1774843533.161479}
{"type": "OP", "tx_id": "dbd98adf", "op": "INSERT", "db": "sports_db", "table": "member", "key": 100, "before": null, "after": {"MemberID": 100, "Name": "Test Athlete", "Image": "img/test.jpg", "Age": 21, "Email": "test@iitgn.ac.in", "ContactNumber": "0000", "Gender": "O", "Role": "Player", "JoinDate": "2024-11-01"}, "timestamp": 1774843533.1629775}
{"type": "COMMIT", "tx_id": "dbd98adf", "timestamp": 1774843533.1637654}
